#
# A fatal error has been detected by the Java Runtime Environment:
#
#  SIGSEGV (0xb) at pc=0x000000010d3dc48a, pid=56003, tid=23563
#
# JRE version: Java(TM) SE Runtime Environment (9.0+11) (build 9.0.4+11)
# Java VM: Java HotSpot(TM) 64-Bit Server VM (9.0.4+11, mixed mode, tiered, compressed oops, g1 gc, bsd-amd64)
# Problematic frame:
# C  [libjimage.dylib+0x248a]  ImageFileReader::find_location_index(char const*, unsigned long long*) const+0x2c
#
# No core dump will be written. Core dumps have been disabled. To enable core dumping, try "ulimit -c unlimited" before starting Java again
#
# If you would like to submit a bug report, please visit:
#   http://bugreport.java.com/bugreport/crash.jsp
#

---------------  S U M M A R Y ------------

Command Line: -agentlib:jdwp=transport=dt_socket,suspend=y,address=localhost:62432 -Dfile.encoding=UTF-8 budget.Driver

Host: MacBookPro11,3 x86_64 2500 MHz, 8 cores, 16G, Darwin 17.4.0
Time: Wed Mar 14 22:06:00 2018 EDT elapsed time: 3 seconds (0d 0h 0m 3s)

---------------  T H R E A D  ---------------

Current thread (0x00007f8dff806000):  JavaThread "Signal Dispatcher" daemon [_thread_in_vm, id=23563, stack(0x0000700010a16000,0x0000700010b16000)]

Stack: [0x0000700010a16000,0x0000700010b16000],  sp=0x0000700010b142c0,  free space=1016k
Native frames: (J=compiled Java code, A=aot compiled Java code, j=interpreted, Vv=VM code, C=native code)
C  [libjimage.dylib+0x248a]  ImageFileReader::find_location_index(char const*, unsigned long long*) const+0x2c
C  [libjimage.dylib+0x2831]  JIMAGE_FindResource+0xd7