#
# A fatal error has been detected by the Java Runtime Environment:
#
#  SIGSEGV (0xb) at pc=0x0000000000000000, pid=50336, tid=40963
#
# JRE version: Java(TM) SE Runtime Environment (9.0+11) (build 9.0.4+11)
# Java VM: Java HotSpot(TM) 64-Bit Server VM (9.0.4+11, mixed mode, tiered, compressed oops, g1 gc, bsd-amd64)
# Problematic frame:
# C  0x0000000000000000
#
# No core dump will be written. Core dumps have been disabled. To enable core dumping, try "ulimit -c unlimited" before starting Java again
#
# If you would like to submit a bug report, please visit:
#   http://bugreport.java.com/bugreport/crash.jsp
#

---------------  S U M M A R Y ------------

Command Line: -agentlib:jdwp=transport=dt_socket,suspend=y,address=localhost:61221 -Dfile.encoding=UTF-8 budget.Driver

Host: MacBookPro11,3 x86_64 2500 MHz, 8 cores, 16G, Darwin 17.4.0
Time: Wed Mar 14 19:28:10 2018 EDT elapsed time: 98 seconds (0d 0h 1m 38s)

---------------  T H R E A D  ---------------

Current thread (0x00007fb66500e800):  JavaThread "Signal Dispatcher" daemon [_thread_in_vm, id=40963, stack(0x000070000c0de000,0x000070000c1de000)]

Stack: [0x000070000c0de000,0x000070000c1de000],  sp=0x000070000c1dc2b8,  free space=1016k
Java frames: (J=compiled Java code, j=interpreted, Vv=VM code)
j  jdk.internal.misc.Signal.dispatch(I)V+25 java.base@9.0.4
v  ~StubRoutines::call_stub

siginfo: si_signo: 11 (SIGSEGV), si_code: 1 (SEGV_MAPERR), si_addr: 0x0000000000000000

Register to memory mapping:

RAX=