#
# A fatal error has been detected by the Java Runtime Environment:
#
#  SIGSEGV (0xb) at pc=0x000000010d3d648a, pid=53427, tid=41739
#
# JRE version: Java(TM) SE Runtime Environment (9.0+11) (build 9.0.4+11)
# Java VM: Java HotSpot(TM) 64-Bit Server VM (9.0.4+11, mixed mode, tiered, compressed oops, g1 gc, bsd-amd64)
# Problematic frame:
# C  [libjimage.dylib+0x248a]  _ZNK15ImageFileReader19find_location_indexEPKcPy+0x2c
#
# No core dump will be written. Core dumps have been disabled. To enable core dumping, try "ulimit -c unlimited" before starting Java again
#
# If you would like to submit a bug report, please visit:
#   http://bugreport.java.com/bugreport/crash.jsp
#

---------------  S U M M A R Y ------------

Command Line: -agentlib:jdwp=transport=dt_socket,suspend=y,address=localhost:55839 -Dfile.encoding=UTF-8 budget.Driver

Host: MacBookPro11,3 x86_64 2500 MHz, 8 cores, 16G, Darwin 17.4.0
Time: Wed Mar 14 20:51:14 2018 EDT elapsed time: 22 seconds (0d 0h 0m 22s)

---------------  T H R E A D  ---------------

Current thread (0x00007fd683037800):  JavaThread "Signal Dispatcher" daemon [_thread_in_vm, id=41739, stack(0x00007000022bb000,0x00007000023bb000)]

Stack: [0x00007000022bb000,0x00007000023bb000],  sp=0x00007000023b92c0,  free space=1016k
